[INFO] Scanning for projects...
[INFO] 
[INFO] -------------------------< Pcom.example:demoP >-------------------------
[INFO] Building demoP 0.0.1-SNAPSHOT
[INFO]   from pom.xml
[INFO] --------------------------------[ jar ]---------------------------------
[INFO] 
[INFO] --- clean:3.4.1:clean (default-clean) @ demoP ---
[INFO] Deleting /Users/yashasvireddymusku/Downloads/demoP/target
[INFO] 
[INFO] --- resources:3.3.1:resources (default-resources) @ demoP ---
[INFO] Copying 1 resource from src/main/resources to target/classes
[INFO] Copying 4 resources from src/main/resources to target/classes
[INFO] 
[INFO] --- compiler:3.14.0:compile (default-compile) @ demoP ---
[INFO] Recompiling the module because of changed source code.
[INFO] Compiling 20 source files with javac [debug parameters release 21] to target/classes
[INFO] 
[INFO] --- resources:3.3.1:testResources (default-testResources) @ demoP ---
[INFO] skip non existing resourceDirectory /Users/yashasvireddymusku/Downloads/demoP/src/test/resources
[INFO] 
[INFO] --- compiler:3.14.0:testCompile (default-testCompile) @ demoP ---
[INFO] Recompiling the module because of changed dependency.
[INFO] Compiling 3 source files with javac [debug parameters release 21] to target/test-classes
[INFO] 
[INFO] --- surefire:3.5.3:test (default-test) @ demoP ---
[INFO] Tests are skipped.
[INFO] 
[INFO] --- jar:3.4.2:jar (default-jar) @ demoP ---
[INFO] Building jar: /Users/yashasvireddymusku/Downloads/demoP/target/demoP-0.0.1-SNAPSHOT.jar
[INFO] 
[INFO] --- spring-boot:3.5.0:repackage (repackage) @ demoP ---
[INFO] Replacing main artifact /Users/yashasvireddymusku/Downloads/demoP/target/demoP-0.0.1-SNAPSHOT.jar with repackaged archive, adding nested dependencies in BOOT-INF/.
[INFO] The original artifact has been renamed to /Users/yashasvireddymusku/Downloads/demoP/target/demoP-0.0.1-SNAPSHOT.jar.original
[INFO] ------------------------------------------------------------------------
[INFO] BUILD SUCCESS
[INFO] ------------------------------------------------------------------------
[INFO] Total time:  1.713 s
[INFO] Finished at: 2025-06-24T11:40:11-07:00
[INFO] ------------------------------------------------------------------------
